Created by PLY version 3.11 (http://www.dabeaz.com/ply)

Grammar

Rule 0     S' -> linea
Rule 1     linea -> ROBOT IDENTIFICADOR
Rule 2     linea -> ROBOT NUMERO IDENTIFICADOR
Rule 3     linea -> IDENTIFICADOR PUNTO INICIAR PARENTESIS_A PARENTESIS_C
Rule 4     linea -> IDENTIFICADOR PUNTO DETENER PARENTESIS_A PARENTESIS_C
Rule 5     linea -> IDENTIFICADOR PUNTO ACTIVAR PARENTESIS_A PARENTESIS_C
Rule 6     linea -> IDENTIFICADOR PUNTO MOVER PARENTESIS_A PARENTESIS_C
Rule 7     linea -> IDENTIFICADOR PUNTO CERRAR_GARRA PARENTESIS_A PARENTESIS_C
Rule 8     linea -> IDENTIFICADOR PUNTO ABRIR_GARRA PARENTESIS_A PARENTESIS_C
Rule 9     linea -> IDENTIFICADOR PUNTO FIN_REPETIR PARENTESIS_A PARENTESIS_C
Rule 10    linea -> IDENTIFICADOR PUNTO AGARRAROBJETO PARENTESIS_A PARENTESIS_C
Rule 11    linea -> IDENTIFICADOR PUNTO SOLTAROBJETO PARENTESIS_A PARENTESIS_C
Rule 12    linea -> IDENTIFICADOR PUNTO ALZARCODO PARENTESIS_A PARENTESIS_C
Rule 13    linea -> IDENTIFICADOR PUNTO BAJARCODO PARENTESIS_A PARENTESIS_C
Rule 14    linea -> IDENTIFICADOR PUNTO ALZARBRAZO PARENTESIS_A PARENTESIS_C
Rule 15    linea -> IDENTIFICADOR PUNTO BAJARBRAZO PARENTESIS_A PARENTESIS_C
Rule 16    linea -> IDENTIFICADOR PUNTO GIRAR PARENTESIS_A PARENTESIS_C
Rule 17    linea -> IDENTIFICADOR PUNTO VELOCIDAD IGUAL NUMERO
Rule 18    linea -> IDENTIFICADOR PUNTO BASE IGUAL NUMERO
Rule 19    linea -> IDENTIFICADOR PUNTO CUERPO IGUAL NUMERO
Rule 20    linea -> IDENTIFICADOR PUNTO GARRA IGUAL NUMERO
Rule 21    linea -> IDENTIFICADOR PUNTO CODO IGUAL NUMERO
Rule 22    linea -> IDENTIFICADOR PUNTO HOMBRO IGUAL NUMERO
Rule 23    linea -> IDENTIFICADOR PUNTO BRAZO IGUAL NUMERO
Rule 24    linea -> IDENTIFICADOR PUNTO REPETIR IGUAL NUMERO
Rule 25    linea -> IDENTIFICADOR PUNTO REPETIR PARENTESIS_A NUMERO PARENTESIS_C

Terminals, with rules where they appear

ABRIR_GARRA          : 8
ACTIVAR              : 5
AGARRAROBJETO        : 10
ALZARBRAZO           : 14
ALZARCODO            : 12
BAJARBRAZO           : 15
BAJARCODO            : 13
BASE                 : 18
BRAZO                : 23
CERRAR_GARRA         : 7
CODO                 : 21
CUERPO               : 19
DETENER              : 4
FIN_REPETIR          : 9
GARRA                : 20
GIRAR                : 16
HOMBRO               : 22
IDENTIFICADOR        : 1 2 3 4 5 6 7 8 9 10 11 12 13 14 15 16 17 18 19 20 21 22 23 24 25
IGUAL                : 17 18 19 20 21 22 23 24
INICIAR              : 3
MOVER                : 6
NUMERO               : 2 17 18 19 20 21 22 23 24 25
PARENTESIS_A         : 3 4 5 6 7 8 9 10 11 12 13 14 15 16 25
PARENTESIS_C         : 3 4 5 6 7 8 9 10 11 12 13 14 15 16 25
PUNTO                : 3 4 5 6 7 8 9 10 11 12 13 14 15 16 17 18 19 20 21 22 23 24 25
REPETIR              : 24 25
ROBOT                : 1 2
SOLTAROBJETO         : 11
VELOCIDAD            : 17
error                : 

Nonterminals, with rules where they appear

linea                : 0

Parsing method: LALR

state 0

    (0) S' -> . linea
    (1) linea -> . ROBOT IDENTIFICADOR
    (2) linea -> . ROBOT NUMERO IDENTIFICADOR
    (3) linea -> . IDENTIFICADOR PUNTO INICIAR PARENTESIS_A PARENTESIS_C
    (4) linea -> . IDENTIFICADOR PUNTO DETENER PARENTESIS_A PARENTESIS_C
    (5) linea -> . IDENTIFICADOR PUNTO ACTIVAR PARENTESIS_A PARENTESIS_C
    (6) linea -> . IDENTIFICADOR PUNTO MOVER PARENTESIS_A PARENTESIS_C
    (7) linea -> . IDENTIFICADOR PUNTO CERRAR_GARRA PARENTESIS_A PARENTESIS_C
    (8) linea -> . IDENTIFICADOR PUNTO ABRIR_GARRA PARENTESIS_A PARENTESIS_C
    (9) linea -> . IDENTIFICADOR PUNTO FIN_REPETIR PARENTESIS_A PARENTESIS_C
    (10) linea -> . IDENTIFICADOR PUNTO AGARRAROBJETO PARENTESIS_A PARENTESIS_C
    (11) linea -> . IDENTIFICADOR PUNTO SOLTAROBJETO PARENTESIS_A PARENTESIS_C
    (12) linea -> . IDENTIFICADOR PUNTO ALZARCODO PARENTESIS_A PARENTESIS_C
    (13) linea -> . IDENTIFICADOR PUNTO BAJARCODO PARENTESIS_A PARENTESIS_C
    (14) linea -> . IDENTIFICADOR PUNTO ALZARBRAZO PARENTESIS_A PARENTESIS_C
    (15) linea -> . IDENTIFICADOR PUNTO BAJARBRAZO PARENTESIS_A PARENTESIS_C
    (16) linea -> . IDENTIFICADOR PUNTO GIRAR PARENTESIS_A PARENTESIS_C
    (17) linea -> . IDENTIFICADOR PUNTO VELOCIDAD IGUAL NUMERO
    (18) linea -> . IDENTIFICADOR PUNTO BASE IGUAL NUMERO
    (19) linea -> . IDENTIFICADOR PUNTO CUERPO IGUAL NUMERO
    (20) linea -> . IDENTIFICADOR PUNTO GARRA IGUAL NUMERO
    (21) linea -> . IDENTIFICADOR PUNTO CODO IGUAL NUMERO
    (22) linea -> . IDENTIFICADOR PUNTO HOMBRO IGUAL NUMERO
    (23) linea -> . IDENTIFICADOR PUNTO BRAZO IGUAL NUMERO
    (24) linea -> . IDENTIFICADOR PUNTO REPETIR IGUAL NUMERO
    (25) linea -> . IDENTIFICADOR PUNTO REPETIR PARENTESIS_A NUMERO PARENTESIS_C

    ROBOT           shift and go to state 2
    IDENTIFICADOR   shift and go to state 3

    linea                          shift and go to state 1

state 1

    (0) S' -> linea .



state 2

    (1) linea -> ROBOT . IDENTIFICADOR
    (2) linea -> ROBOT . NUMERO IDENTIFICADOR

    IDENTIFICADOR   shift and go to state 4
    NUMERO          shift and go to state 5


state 3

    (3) linea -> IDENTIFICADOR . PUNTO INICIAR PARENTESIS_A PARENTESIS_C
    (4) linea -> IDENTIFICADOR . PUNTO DETENER PARENTESIS_A PARENTESIS_C
    (5) linea -> IDENTIFICADOR . PUNTO ACTIVAR PARENTESIS_A PARENTESIS_C
    (6) linea -> IDENTIFICADOR . PUNTO MOVER PARENTESIS_A PARENTESIS_C
    (7) linea -> IDENTIFICADOR . PUNTO CERRAR_GARRA PARENTESIS_A PARENTESIS_C
    (8) linea -> IDENTIFICADOR . PUNTO ABRIR_GARRA PARENTESIS_A PARENTESIS_C
    (9) linea -> IDENTIFICADOR . PUNTO FIN_REPETIR PARENTESIS_A PARENTESIS_C
    (10) linea -> IDENTIFICADOR . PUNTO AGARRAROBJETO PARENTESIS_A PARENTESIS_C
    (11) linea -> IDENTIFICADOR . PUNTO SOLTAROBJETO PARENTESIS_A PARENTESIS_C
    (12) linea -> IDENTIFICADOR . PUNTO ALZARCODO PARENTESIS_A PARENTESIS_C
    (13) linea -> IDENTIFICADOR . PUNTO BAJARCODO PARENTESIS_A PARENTESIS_C
    (14) linea -> IDENTIFICADOR . PUNTO ALZARBRAZO PARENTESIS_A PARENTESIS_C
    (15) linea -> IDENTIFICADOR . PUNTO BAJARBRAZO PARENTESIS_A PARENTESIS_C
    (16) linea -> IDENTIFICADOR . PUNTO GIRAR PARENTESIS_A PARENTESIS_C
    (17) linea -> IDENTIFICADOR . PUNTO VELOCIDAD IGUAL NUMERO
    (18) linea -> IDENTIFICADOR . PUNTO BASE IGUAL NUMERO
    (19) linea -> IDENTIFICADOR . PUNTO CUERPO IGUAL NUMERO
    (20) linea -> IDENTIFICADOR . PUNTO GARRA IGUAL NUMERO
    (21) linea -> IDENTIFICADOR . PUNTO CODO IGUAL NUMERO
    (22) linea -> IDENTIFICADOR . PUNTO HOMBRO IGUAL NUMERO
    (23) linea -> IDENTIFICADOR . PUNTO BRAZO IGUAL NUMERO
    (24) linea -> IDENTIFICADOR . PUNTO REPETIR IGUAL NUMERO
    (25) linea -> IDENTIFICADOR . PUNTO REPETIR PARENTESIS_A NUMERO PARENTESIS_C

    PUNTO           shift and go to state 6


state 4

    (1) linea -> ROBOT IDENTIFICADOR .

    $end            reduce using rule 1 (linea -> ROBOT IDENTIFICADOR .)


state 5

    (2) linea -> ROBOT NUMERO . IDENTIFICADOR

    IDENTIFICADOR   shift and go to state 7


state 6

    (3) linea -> IDENTIFICADOR PUNTO . INICIAR PARENTESIS_A PARENTESIS_C
    (4) linea -> IDENTIFICADOR PUNTO . DETENER PARENTESIS_A PARENTESIS_C
    (5) linea -> IDENTIFICADOR PUNTO . ACTIVAR PARENTESIS_A PARENTESIS_C
    (6) linea -> IDENTIFICADOR PUNTO . MOVER PARENTESIS_A PARENTESIS_C
    (7) linea -> IDENTIFICADOR PUNTO . CERRAR_GARRA PARENTESIS_A PARENTESIS_C
    (8) linea -> IDENTIFICADOR PUNTO . ABRIR_GARRA PARENTESIS_A PARENTESIS_C
    (9) linea -> IDENTIFICADOR PUNTO . FIN_REPETIR PARENTESIS_A PARENTESIS_C
    (10) linea -> IDENTIFICADOR PUNTO . AGARRAROBJETO PARENTESIS_A PARENTESIS_C
    (11) linea -> IDENTIFICADOR PUNTO . SOLTAROBJETO PARENTESIS_A PARENTESIS_C
    (12) linea -> IDENTIFICADOR PUNTO . ALZARCODO PARENTESIS_A PARENTESIS_C
    (13) linea -> IDENTIFICADOR PUNTO . BAJARCODO PARENTESIS_A PARENTESIS_C
    (14) linea -> IDENTIFICADOR PUNTO . ALZARBRAZO PARENTESIS_A PARENTESIS_C
    (15) linea -> IDENTIFICADOR PUNTO . BAJARBRAZO PARENTESIS_A PARENTESIS_C
    (16) linea -> IDENTIFICADOR PUNTO . GIRAR PARENTESIS_A PARENTESIS_C
    (17) linea -> IDENTIFICADOR PUNTO . VELOCIDAD IGUAL NUMERO
    (18) linea -> IDENTIFICADOR PUNTO . BASE IGUAL NUMERO
    (19) linea -> IDENTIFICADOR PUNTO . CUERPO IGUAL NUMERO
    (20) linea -> IDENTIFICADOR PUNTO . GARRA IGUAL NUMERO
    (21) linea -> IDENTIFICADOR PUNTO . CODO IGUAL NUMERO
    (22) linea -> IDENTIFICADOR PUNTO . HOMBRO IGUAL NUMERO
    (23) linea -> IDENTIFICADOR PUNTO . BRAZO IGUAL NUMERO
    (24) linea -> IDENTIFICADOR PUNTO . REPETIR IGUAL NUMERO
    (25) linea -> IDENTIFICADOR PUNTO . REPETIR PARENTESIS_A NUMERO PARENTESIS_C

    INICIAR         shift and go to state 8
    DETENER         shift and go to state 9
    ACTIVAR         shift and go to state 10
    MOVER           shift and go to state 11
    CERRAR_GARRA    shift and go to state 12
    ABRIR_GARRA     shift and go to state 13
    FIN_REPETIR     shift and go to state 14
    AGARRAROBJETO   shift and go to state 15
    SOLTAROBJETO    shift and go to state 16
    ALZARCODO       shift and go to state 17
    BAJARCODO       shift and go to state 18
    ALZARBRAZO      shift and go to state 19
    BAJARBRAZO      shift and go to state 20
    GIRAR           shift and go to state 21
    VELOCIDAD       shift and go to state 22
    BASE            shift and go to state 23
    CUERPO          shift and go to state 24
    GARRA           shift and go to state 25
    CODO            shift and go to state 26
    HOMBRO          shift and go to state 27
    BRAZO           shift and go to state 28
    REPETIR         shift and go to state 29


state 7

    (2) linea -> ROBOT NUMERO IDENTIFICADOR .

    $end            reduce using rule 2 (linea -> ROBOT NUMERO IDENTIFICADOR .)


state 8

    (3) linea -> IDENTIFICADOR PUNTO INICIAR . PARENTESIS_A PARENTESIS_C

    PARENTESIS_A    shift and go to state 30


state 9

    (4) linea -> IDENTIFICADOR PUNTO DETENER . PARENTESIS_A PARENTESIS_C

    PARENTESIS_A    shift and go to state 31


state 10

    (5) linea -> IDENTIFICADOR PUNTO ACTIVAR . PARENTESIS_A PARENTESIS_C

    PARENTESIS_A    shift and go to state 32


state 11

    (6) linea -> IDENTIFICADOR PUNTO MOVER . PARENTESIS_A PARENTESIS_C

    PARENTESIS_A    shift and go to state 33


state 12

    (7) linea -> IDENTIFICADOR PUNTO CERRAR_GARRA . PARENTESIS_A PARENTESIS_C

    PARENTESIS_A    shift and go to state 34


state 13

    (8) linea -> IDENTIFICADOR PUNTO ABRIR_GARRA . PARENTESIS_A PARENTESIS_C

    PARENTESIS_A    shift and go to state 35


state 14

    (9) linea -> IDENTIFICADOR PUNTO FIN_REPETIR . PARENTESIS_A PARENTESIS_C

    PARENTESIS_A    shift and go to state 36


state 15

    (10) linea -> IDENTIFICADOR PUNTO AGARRAROBJETO . PARENTESIS_A PARENTESIS_C

    PARENTESIS_A    shift and go to state 37


state 16

    (11) linea -> IDENTIFICADOR PUNTO SOLTAROBJETO . PARENTESIS_A PARENTESIS_C

    PARENTESIS_A    shift and go to state 38


state 17

    (12) linea -> IDENTIFICADOR PUNTO ALZARCODO . PARENTESIS_A PARENTESIS_C

    PARENTESIS_A    shift and go to state 39


state 18

    (13) linea -> IDENTIFICADOR PUNTO BAJARCODO . PARENTESIS_A PARENTESIS_C

    PARENTESIS_A    shift and go to state 40


state 19

    (14) linea -> IDENTIFICADOR PUNTO ALZARBRAZO . PARENTESIS_A PARENTESIS_C

    PARENTESIS_A    shift and go to state 41


state 20

    (15) linea -> IDENTIFICADOR PUNTO BAJARBRAZO . PARENTESIS_A PARENTESIS_C

    PARENTESIS_A    shift and go to state 42


state 21

    (16) linea -> IDENTIFICADOR PUNTO GIRAR . PARENTESIS_A PARENTESIS_C

    PARENTESIS_A    shift and go to state 43


state 22

    (17) linea -> IDENTIFICADOR PUNTO VELOCIDAD . IGUAL NUMERO

    IGUAL           shift and go to state 44


state 23

    (18) linea -> IDENTIFICADOR PUNTO BASE . IGUAL NUMERO

    IGUAL           shift and go to state 45


state 24

    (19) linea -> IDENTIFICADOR PUNTO CUERPO . IGUAL NUMERO

    IGUAL           shift and go to state 46


state 25

    (20) linea -> IDENTIFICADOR PUNTO GARRA . IGUAL NUMERO

    IGUAL           shift and go to state 47


state 26

    (21) linea -> IDENTIFICADOR PUNTO CODO . IGUAL NUMERO

    IGUAL           shift and go to state 48


state 27

    (22) linea -> IDENTIFICADOR PUNTO HOMBRO . IGUAL NUMERO

    IGUAL           shift and go to state 49


state 28

    (23) linea -> IDENTIFICADOR PUNTO BRAZO . IGUAL NUMERO

    IGUAL           shift and go to state 50


state 29

    (24) linea -> IDENTIFICADOR PUNTO REPETIR . IGUAL NUMERO
    (25) linea -> IDENTIFICADOR PUNTO REPETIR . PARENTESIS_A NUMERO PARENTESIS_C

    IGUAL           shift and go to state 51
    PARENTESIS_A    shift and go to state 52


state 30

    (3) linea -> IDENTIFICADOR PUNTO INICIAR PARENTESIS_A . PARENTESIS_C

    PARENTESIS_C    shift and go to state 53


state 31

    (4) linea -> IDENTIFICADOR PUNTO DETENER PARENTESIS_A . PARENTESIS_C

    PARENTESIS_C    shift and go to state 54


state 32

    (5) linea -> IDENTIFICADOR PUNTO ACTIVAR PARENTESIS_A . PARENTESIS_C

    PARENTESIS_C    shift and go to state 55


state 33

    (6) linea -> IDENTIFICADOR PUNTO MOVER PARENTESIS_A . PARENTESIS_C

    PARENTESIS_C    shift and go to state 56


state 34

    (7) linea -> IDENTIFICADOR PUNTO CERRAR_GARRA PARENTESIS_A . PARENTESIS_C

    PARENTESIS_C    shift and go to state 57


state 35

    (8) linea -> IDENTIFICADOR PUNTO ABRIR_GARRA PARENTESIS_A . PARENTESIS_C

    PARENTESIS_C    shift and go to state 58


state 36

    (9) linea -> IDENTIFICADOR PUNTO FIN_REPETIR PARENTESIS_A . PARENTESIS_C

    PARENTESIS_C    shift and go to state 59


state 37

    (10) linea -> IDENTIFICADOR PUNTO AGARRAROBJETO PARENTESIS_A . PARENTESIS_C

    PARENTESIS_C    shift and go to state 60


state 38

    (11) linea -> IDENTIFICADOR PUNTO SOLTAROBJETO PARENTESIS_A . PARENTESIS_C

    PARENTESIS_C    shift and go to state 61


state 39

    (12) linea -> IDENTIFICADOR PUNTO ALZARCODO PARENTESIS_A . PARENTESIS_C

    PARENTESIS_C    shift and go to state 62


state 40

    (13) linea -> IDENTIFICADOR PUNTO BAJARCODO PARENTESIS_A . PARENTESIS_C

    PARENTESIS_C    shift and go to state 63


state 41

    (14) linea -> IDENTIFICADOR PUNTO ALZARBRAZO PARENTESIS_A . PARENTESIS_C

    PARENTESIS_C    shift and go to state 64


state 42

    (15) linea -> IDENTIFICADOR PUNTO BAJARBRAZO PARENTESIS_A . PARENTESIS_C

    PARENTESIS_C    shift and go to state 65


state 43

    (16) linea -> IDENTIFICADOR PUNTO GIRAR PARENTESIS_A . PARENTESIS_C

    PARENTESIS_C    shift and go to state 66


state 44

    (17) linea -> IDENTIFICADOR PUNTO VELOCIDAD IGUAL . NUMERO

    NUMERO          shift and go to state 67


state 45

    (18) linea -> IDENTIFICADOR PUNTO BASE IGUAL . NUMERO

    NUMERO          shift and go to state 68


state 46

    (19) linea -> IDENTIFICADOR PUNTO CUERPO IGUAL . NUMERO

    NUMERO          shift and go to state 69


state 47

    (20) linea -> IDENTIFICADOR PUNTO GARRA IGUAL . NUMERO

    NUMERO          shift and go to state 70


state 48

    (21) linea -> IDENTIFICADOR PUNTO CODO IGUAL . NUMERO

    NUMERO          shift and go to state 71


state 49

    (22) linea -> IDENTIFICADOR PUNTO HOMBRO IGUAL . NUMERO

    NUMERO          shift and go to state 72


state 50

    (23) linea -> IDENTIFICADOR PUNTO BRAZO IGUAL . NUMERO

    NUMERO          shift and go to state 73


state 51

    (24) linea -> IDENTIFICADOR PUNTO REPETIR IGUAL . NUMERO

    NUMERO          shift and go to state 74


state 52

    (25) linea -> IDENTIFICADOR PUNTO REPETIR PARENTESIS_A . NUMERO PARENTESIS_C

    NUMERO          shift and go to state 75


state 53

    (3) linea -> IDENTIFICADOR PUNTO INICIAR PARENTESIS_A PARENTESIS_C .

    $end            reduce using rule 3 (linea -> IDENTIFICADOR PUNTO INICIAR PARENTESIS_A PARENTESIS_C .)


state 54

    (4) linea -> IDENTIFICADOR PUNTO DETENER PARENTESIS_A PARENTESIS_C .

    $end            reduce using rule 4 (linea -> IDENTIFICADOR PUNTO DETENER PARENTESIS_A PARENTESIS_C .)


state 55

    (5) linea -> IDENTIFICADOR PUNTO ACTIVAR PARENTESIS_A PARENTESIS_C .

    $end            reduce using rule 5 (linea -> IDENTIFICADOR PUNTO ACTIVAR PARENTESIS_A PARENTESIS_C .)


state 56

    (6) linea -> IDENTIFICADOR PUNTO MOVER PARENTESIS_A PARENTESIS_C .

    $end            reduce using rule 6 (linea -> IDENTIFICADOR PUNTO MOVER PARENTESIS_A PARENTESIS_C .)


state 57

    (7) linea -> IDENTIFICADOR PUNTO CERRAR_GARRA PARENTESIS_A PARENTESIS_C .

    $end            reduce using rule 7 (linea -> IDENTIFICADOR PUNTO CERRAR_GARRA PARENTESIS_A PARENTESIS_C .)


state 58

    (8) linea -> IDENTIFICADOR PUNTO ABRIR_GARRA PARENTESIS_A PARENTESIS_C .

    $end            reduce using rule 8 (linea -> IDENTIFICADOR PUNTO ABRIR_GARRA PARENTESIS_A PARENTESIS_C .)


state 59

    (9) linea -> IDENTIFICADOR PUNTO FIN_REPETIR PARENTESIS_A PARENTESIS_C .

    $end            reduce using rule 9 (linea -> IDENTIFICADOR PUNTO FIN_REPETIR PARENTESIS_A PARENTESIS_C .)


state 60

    (10) linea -> IDENTIFICADOR PUNTO AGARRAROBJETO PARENTESIS_A PARENTESIS_C .

    $end            reduce using rule 10 (linea -> IDENTIFICADOR PUNTO AGARRAROBJETO PARENTESIS_A PARENTESIS_C .)


state 61

    (11) linea -> IDENTIFICADOR PUNTO SOLTAROBJETO PARENTESIS_A PARENTESIS_C .

    $end            reduce using rule 11 (linea -> IDENTIFICADOR PUNTO SOLTAROBJETO PARENTESIS_A PARENTESIS_C .)


state 62

    (12) linea -> IDENTIFICADOR PUNTO ALZARCODO PARENTESIS_A PARENTESIS_C .

    $end            reduce using rule 12 (linea -> IDENTIFICADOR PUNTO ALZARCODO PARENTESIS_A PARENTESIS_C .)


state 63

    (13) linea -> IDENTIFICADOR PUNTO BAJARCODO PARENTESIS_A PARENTESIS_C .

    $end            reduce using rule 13 (linea -> IDENTIFICADOR PUNTO BAJARCODO PARENTESIS_A PARENTESIS_C .)


state 64

    (14) linea -> IDENTIFICADOR PUNTO ALZARBRAZO PARENTESIS_A PARENTESIS_C .

    $end            reduce using rule 14 (linea -> IDENTIFICADOR PUNTO ALZARBRAZO PARENTESIS_A PARENTESIS_C .)


state 65

    (15) linea -> IDENTIFICADOR PUNTO BAJARBRAZO PARENTESIS_A PARENTESIS_C .

    $end            reduce using rule 15 (linea -> IDENTIFICADOR PUNTO BAJARBRAZO PARENTESIS_A PARENTESIS_C .)


state 66

    (16) linea -> IDENTIFICADOR PUNTO GIRAR PARENTESIS_A PARENTESIS_C .

    $end            reduce using rule 16 (linea -> IDENTIFICADOR PUNTO GIRAR PARENTESIS_A PARENTESIS_C .)


state 67

    (17) linea -> IDENTIFICADOR PUNTO VELOCIDAD IGUAL NUMERO .

    $end            reduce using rule 17 (linea -> IDENTIFICADOR PUNTO VELOCIDAD IGUAL NUMERO .)


state 68

    (18) linea -> IDENTIFICADOR PUNTO BASE IGUAL NUMERO .

    $end            reduce using rule 18 (linea -> IDENTIFICADOR PUNTO BASE IGUAL NUMERO .)


state 69

    (19) linea -> IDENTIFICADOR PUNTO CUERPO IGUAL NUMERO .

    $end            reduce using rule 19 (linea -> IDENTIFICADOR PUNTO CUERPO IGUAL NUMERO .)


state 70

    (20) linea -> IDENTIFICADOR PUNTO GARRA IGUAL NUMERO .

    $end            reduce using rule 20 (linea -> IDENTIFICADOR PUNTO GARRA IGUAL NUMERO .)


state 71

    (21) linea -> IDENTIFICADOR PUNTO CODO IGUAL NUMERO .

    $end            reduce using rule 21 (linea -> IDENTIFICADOR PUNTO CODO IGUAL NUMERO .)


state 72

    (22) linea -> IDENTIFICADOR PUNTO HOMBRO IGUAL NUMERO .

    $end            reduce using rule 22 (linea -> IDENTIFICADOR PUNTO HOMBRO IGUAL NUMERO .)


state 73

    (23) linea -> IDENTIFICADOR PUNTO BRAZO IGUAL NUMERO .

    $end            reduce using rule 23 (linea -> IDENTIFICADOR PUNTO BRAZO IGUAL NUMERO .)


state 74

    (24) linea -> IDENTIFICADOR PUNTO REPETIR IGUAL NUMERO .

    $end            reduce using rule 24 (linea -> IDENTIFICADOR PUNTO REPETIR IGUAL NUMERO .)


state 75

    (25) linea -> IDENTIFICADOR PUNTO REPETIR PARENTESIS_A NUMERO . PARENTESIS_C

    PARENTESIS_C    shift and go to state 76


state 76

    (25) linea -> IDENTIFICADOR PUNTO REPETIR PARENTESIS_A NUMERO PARENTESIS_C .

    $end            reduce using rule 25 (linea -> IDENTIFICADOR PUNTO REPETIR PARENTESIS_A NUMERO PARENTESIS_C .)

